

*******************************************************************************
Tue Jan 26 21:36:10 2016


FIT:    data read from 'data.latency.plot'
        format = z
        #datapoints = 27
        residuals are weighted equally (unit weight)

function used for fitting: f(x)
	f(x) = a*x**b
fitted parameters initialized with current variable values

iter      chisq       delta/lim  lambda   a             b            
   0 8.5106484554e+10   0.00e+00  4.52e+05    1.000000e+00   1.000000e+00
  18 9.0178435747e-03  -2.11e-02  4.52e-04    9.769959e-02   1.810163e-01

After 18 iterations the fit converged.
final sum of squares of residuals : 0.00901784
rel. change during last iteration : -2.11357e-07

degrees of freedom    (FIT_NDF)                        : 25
rms of residuals      (FIT_STDFIT) = sqrt(WSSR/ndf)    : 0.0189925
variance of residuals (reduced chisquare) = WSSR/ndf   : 0.000360714

Final set of parameters            Asymptotic Standard Error
=======================            ==========================
a               = 0.0976996        +/- 0.005077     (5.197%)
b               = 0.181016         +/- 0.004837     (2.672%)

correlation matrix of the fit parameters:
                a      b      
a               1.000 
b              -0.994  1.000 
