\BOOKMARK [1][-]{section.1}{Introduction}{}% 1
\BOOKMARK [1][-]{section.2}{Overview}{}% 2
\BOOKMARK [2][-]{subsection.2.1}{System\040architecture}{section.2}% 3
\BOOKMARK [2][-]{subsection.2.2}{Threat\040model}{section.2}% 4
\BOOKMARK [2][-]{subsection.2.3}{Goals\040for\040the\040gateway}{section.2}% 5
\BOOKMARK [2][-]{subsection.2.4}{MBArk\040overview}{section.2}% 6
\BOOKMARK [1][-]{section.3}{Building\040blocks}{}% 7
\BOOKMARK [2][-]{subsection.3.1}{Keyword\040match}{section.3}% 8
\BOOKMARK [2][-]{subsection.3.2}{Range\040match\040}{section.3}% 9
\BOOKMARK [3][-]{subsubsection.3.2.1}{Our\040RangeMatch\040scheme}{subsection.3.2}% 10
\BOOKMARK [3][-]{subsubsection.3.2.2}{Gateway\040API\040and\040implementation}{subsection.3.2}% 11
\BOOKMARK [3][-]{subsubsection.3.2.3}{Cloud\040API}{subsection.3.2}% 12
\BOOKMARK [3][-]{subsubsection.3.2.4}{Security\040guarantees}{subsection.3.2}% 13
\BOOKMARK [1][-]{section.4}{Header-only\040middleboxes}{}% 14
\BOOKMARK [2][-]{subsection.4.1}{Middlebox:\040Firewall}{section.4}% 15
\BOOKMARK [2][-]{subsection.4.2}{Middlebox:\040NAT}{section.4}% 16
\BOOKMARK [2][-]{subsection.4.3}{Middlebox:\040Proxy/cache}{section.4}% 17
\BOOKMARK [1][-]{section.5}{Middlebox:\040IDS\040and\040exfiltration\040detection}{}% 18
\BOOKMARK [1][-]{section.6}{Other\040middleboxes}{}% 19
\BOOKMARK [1][-]{section.7}{System\040implementation}{}% 20
\BOOKMARK [2][-]{subsection.7.1}{Redirection\040&\040gateway\040implementation}{section.7}% 21
\BOOKMARK [2][-]{subsection.7.2}{Middlebox\040implementations}{section.7}% 22
\BOOKMARK [1][-]{section.8}{Evaluation}{}% 23
\BOOKMARK [2][-]{subsection.8.1}{Enterprise\040Performance}{section.8}% 24
\BOOKMARK [3][-]{subsubsection.8.1.1}{Gateway}{subsection.8.1}% 25
\BOOKMARK [3][-]{subsubsection.8.1.2}{Client\040Performance}{subsection.8.1}% 26
\BOOKMARK [3][-]{subsubsection.8.1.3}{Bandwidth\040Overheads}{subsection.8.1}% 27
\BOOKMARK [2][-]{subsection.8.2}{Middleboxes}{section.8}% 28
\BOOKMARK [1][-]{section.9}{Related\040work}{}% 29
\BOOKMARK [1][-]{section.10}{Conclusion}{}% 30
